ohmage/manifest-merger-release-report.txt
-- Merging decision tree log ---
manifest
ADDED from AndroidManifest.xml:19:1
	xmlns:android
		ADDED from AndroidManifest.xml:19:11
	package
		ADDED from AndroidManifest.xml:20:5
		INJECTED from AndroidManifest.xml:0:0
		INJECTED from AndroidManifest.xml:0:0
	android:versionName
		INJECTED from AndroidManifest.xml:0:0
		INJECTED from AndroidManifest.xml:0:0
	android:versionCode
		INJECTED from AndroidManifest.xml:0:0
		INJECTED from AndroidManifest.xml:0:0
uses-permission#android.permission.GET_ACCOUNTS
ADDED from AndroidManifest.xml:22:5
	android:name
		ADDED from AndroidManifest.xml:22:22
uses-permission#android.permission.USE_CREDENTIALS
ADDED from AndroidManifest.xml:23:5
	android:name
		ADDED from AndroidManifest.xml:23:22
uses-permission#android.permission.MANAGE_ACCOUNTS
ADDED from AndroidManifest.xml:24:5
	android:name
		ADDED from AndroidManifest.xml:24:22
uses-permission#android.permission.AUTHENTICATE_ACCOUNTS
ADDED from AndroidManifest.xml:25:5
	android:name
		ADDED from AndroidManifest.xml:25:22
uses-permission#android.permission.READ_SYNC_SETTINGS
ADDED from AndroidManifest.xml:26:5
	android:name
		ADDED from AndroidManifest.xml:26:22
uses-permission#android.permission.WRITE_SYNC_SETTINGS
ADDED from AndroidManifest.xml:27:5
	android:name
		ADDED from AndroidManifest.xml:27:22
uses-permission#android.permission.READ_SYNC_STATS
ADDED from AndroidManifest.xml:28:5
	android:name
		ADDED from AndroidManifest.xml:28:22
uses-permission#android.permission.INTERNET
ADDED from AndroidManifest.xml:29:5
MERGED from org.ohmage:reminder-lib:1.1.2-SNAPSHOT:10:5
MERGED from com.crashlytics.sdk.android:crashlytics:2.5.0:9:5
MERGED from com.crashlytics.sdk.android:crashlytics-core:2.3.3:9:5
	android:name
		ADDED from AndroidManifest.xml:29:22
uses-permission#android.permission.RECORD_AUDIO
ADDED from AndroidManifest.xml:30:5
	android:name
		ADDED from AndroidManifest.xml:30:22
uses-permission#android.permission.WRITE_EXTERNAL_STORAGE
ADDED from AndroidManifest.xml:31:5
MERGED from org.ohmage:reminder-lib:1.1.2-SNAPSHOT:11:5
	android:name
		ADDED from AndroidManifest.xml:31:22
uses-permission#android.permission.VIBRATE
ADDED from AndroidManifest.xml:32:5
	android:name
		ADDED from AndroidManifest.xml:32:22
application
ADDED from AndroidManifest.xml:34:5
MERGED from com.android.support:appcompat-v7:19.1.0:19:5
MERGED from com.google.android.gms:play-services:4.4.52:18:5
MERGED from org.ohmage:android-stream-lib:2.0-SNAPSHOT:5:5
MERGED from org.ohmage:reminder-lib:1.1.2-SNAPSHOT:18:5
MERGED from org.ohmage:accelservice:3.0:13:5
MERGED from org.ohmage:wifigpslocation:3.15:9:5
MERGED from com.github.chrisbanes.actionbarpulltorefresh:extra-abc:0.9.9:3:5
MERGED from com.github.chrisbanes.actionbarpulltorefresh:library:0.9.9:3:5
MERGED from com.github.castorflex.smoothprogressbar:library:0.4.0:5:5
MERGED from com.crashlytics.sdk.android:crashlytics:2.5.0:11:5
MERGED from io.fabric.sdk.android:fabric:1.3.5:25:5
MERGED from com.crashlytics.sdk.android:crashlytics-core:2.3.3:11:5
MERGED from com.crashlytics.sdk.android:answers:1.3.0:9:5
MERGED from io.fabric.sdk.android:fabric:1.3.5:25:5
MERGED from com.crashlytics.sdk.android:beta:1.1.3:9:5
	android:label
		ADDED from AndroidManifest.xml:38:9
	android:allowBackup
		ADDED from AndroidManifest.xml:36:9
	android:icon
		ADDED from AndroidManifest.xml:37:9
	android:theme
		ADDED from AndroidManifest.xml:39:9
	android:name
		ADDED from AndroidManifest.xml:35:9
activity#org.ohmage.app.MainActivity
ADDED from AndroidManifest.xml:41:9
	android:label
		ADDED from AndroidManifest.xml:43:13
	android:name
		ADDED from AndroidManifest.xml:42:13
	android:launchMode
		ADDED from AndroidManifest.xml:44:13
intent-filter#android.intent.action.MAIN+android.intent.category.DEFAULT+android.intent.category.LAUNCHER
ADDED from AndroidManifest.xml:45:13
action#android.intent.action.MAIN
ADDED from AndroidManifest.xml:46:17
	android:name
		ADDED from AndroidManifest.xml:46:25
category#android.intent.category.LAUNCHER
ADDED from AndroidManifest.xml:47:17
	android:name
		ADDED from AndroidManifest.xml:47:27
category#android.intent.category.DEFAULT
ADDED from AndroidManifest.xml:48:17
	android:name
		ADDED from AndroidManifest.xml:48:27
intent-filter#android.intent.category.DEFAULT+org.ohmage.app.ACTION_VIEW_STREAMS
ADDED from AndroidManifest.xml:50:13
action#org.ohmage.app.ACTION_VIEW_STREAMS
ADDED from AndroidManifest.xml:51:17
	android:name
		ADDED from AndroidManifest.xml:51:25
intent-filter#android.intent.action.VIEW+android.intent.category.BROWSABLE+android.intent.category.DEFAULT
ADDED from AndroidManifest.xml:54:13
	android:label
		ADDED from AndroidManifest.xml:54:28
action#android.intent.action.VIEW
ADDED from AndroidManifest.xml:55:17
	android:name
		ADDED from AndroidManifest.xml:55:25
category#android.intent.category.BROWSABLE
ADDED from AndroidManifest.xml:57:17
	android:name
		ADDED from AndroidManifest.xml:57:27
data
ADDED from AndroidManifest.xml:58:17
	android:host
		ADDED from AndroidManifest.xml:59:21
	android:path
		ADDED from AndroidManifest.xml:60:21
	android:scheme
		ADDED from AndroidManifest.xml:61:21
activity#org.ohmage.app.SurveyActivity
ADDED from AndroidManifest.xml:72:9
	android:windowSoftInputMode
		ADDED from AndroidManifest.xml:75:13
	android:screenOrientation
		ADDED from AndroidManifest.xml:76:13
	android:label
		ADDED from AndroidManifest.xml:74:13
	android:configChanges
		ADDED from AndroidManifest.xml:77:13
	android:name
		ADDED from AndroidManifest.xml:73:13
intent-filter#android.intent.action.VIEW+android.intent.category.DEFAULT
ADDED from AndroidManifest.xml:78:13
activity#org.ohmage.auth.AuthenticatorActivity
ADDED from AndroidManifest.xml:85:9
	android:theme
		ADDED from AndroidManifest.xml:87:13
	android:name
		ADDED from AndroidManifest.xml:86:13
service#org.ohmage.auth.AuthenticatorService
ADDED from AndroidManifest.xml:89:9
	android:name
		ADDED from AndroidManifest.xml:89:18
intent-filter#android.accounts.AccountAuthenticator
ADDED from AndroidManifest.xml:90:13
action#android.accounts.AccountAuthenticator
ADDED from AndroidManifest.xml:91:17
	android:name
		ADDED from AndroidManifest.xml:91:25
meta-data#android.accounts.AccountAuthenticator
ADDED from AndroidManifest.xml:93:13
	android:resource
		ADDED from AndroidManifest.xml:95:17
	android:name
		ADDED from AndroidManifest.xml:94:17
service#org.ohmage.sync.ResponseSyncService
ADDED from AndroidManifest.xml:98:9
	android:process
		ADDED from AndroidManifest.xml:101:13
	android:exported
		ADDED from AndroidManifest.xml:100:13
	android:name
		ADDED from AndroidManifest.xml:99:13
intent-filter#android.content.SyncAdapter
ADDED from AndroidManifest.xml:102:13
action#android.content.SyncAdapter
ADDED from AndroidManifest.xml:103:17
	android:name
		ADDED from AndroidManifest.xml:103:25
meta-data#android.content.SyncAdapter
ADDED from AndroidManifest.xml:105:13
	android:resource
		ADDED from AndroidManifest.xml:107:17
	android:name
		ADDED from AndroidManifest.xml:106:17
service#org.ohmage.log.AppLogSyncService
ADDED from AndroidManifest.xml:110:9
	android:process
		ADDED from AndroidManifest.xml:113:13
	android:exported
		ADDED from AndroidManifest.xml:112:13
	android:name
		ADDED from AndroidManifest.xml:111:13
service#org.ohmage.sync.OhmageSyncService
ADDED from AndroidManifest.xml:122:9
	android:process
		ADDED from AndroidManifest.xml:125:13
	android:exported
		ADDED from AndroidManifest.xml:124:13
	android:name
		ADDED from AndroidManifest.xml:123:13
service#org.ohmage.services.StreamReceiver
ADDED from AndroidManifest.xml:134:9
	android:exported
		ADDED from AndroidManifest.xml:137:13
	android:enabled
		ADDED from AndroidManifest.xml:136:13
	android:name
		ADDED from AndroidManifest.xml:135:13
intent-filter#org.ohmage.streams.ACTION_WRITE
ADDED from AndroidManifest.xml:138:13
action#org.ohmage.streams.ACTION_WRITE
ADDED from AndroidManifest.xml:139:17
	android:name
		ADDED from AndroidManifest.xml:139:25
provider#org.ohmage.provider.ResponseContentProvider
ADDED from AndroidManifest.xml:144:9
	android:label
		ADDED from AndroidManifest.xml:146:13
	android:syncable
		ADDED from AndroidManifest.xml:149:13
	android:exported
		ADDED from AndroidManifest.xml:148:13
	android:authorities
		ADDED from AndroidManifest.xml:147:13
	android:name
		ADDED from AndroidManifest.xml:145:13
provider#org.ohmage.log.AppLogContentProvider
ADDED from AndroidManifest.xml:151:9
	android:label
		ADDED from AndroidManifest.xml:153:13
	android:syncable
		ADDED from AndroidManifest.xml:156:13
	android:exported
		ADDED from AndroidManifest.xml:155:13
	android:authorities
		ADDED from AndroidManifest.xml:154:13
	android:name
		ADDED from AndroidManifest.xml:152:13
provider#org.ohmage.provider.OhmageContentProvider
ADDED from AndroidManifest.xml:158:9
	android:label
		ADDED from AndroidManifest.xml:160:13
	android:syncable
		ADDED from AndroidManifest.xml:163:13
	android:exported
		ADDED from AndroidManifest.xml:162:13
	android:authorities
		ADDED from AndroidManifest.xml:161:13
	android:name
		ADDED from AndroidManifest.xml:159:13
activity#org.ohmage.auth.AccountNotActivatedDialog
ADDED from AndroidManifest.xml:165:9
	android:theme
		ADDED from AndroidManifest.xml:167:13
	android:name
		ADDED from AndroidManifest.xml:166:13
activity#org.ohmage.app.OhmletActivity
ADDED from AndroidManifest.xml:169:9
	android:label
		ADDED from AndroidManifest.xml:171:13
	android:allowTaskReparenting
		ADDED from AndroidManifest.xml:173:13
	android:parentActivityName
		ADDED from AndroidManifest.xml:172:13
	android:name
		ADDED from AndroidManifest.xml:170:13
meta-data#android.support.PARENT_ACTIVITY
ADDED from AndroidManifest.xml:193:13
	android:name
		ADDED from AndroidManifest.xml:194:17
	android:value
		ADDED from AndroidManifest.xml:195:17
activity#org.ohmage.auth.oauth.OAuthActivity
ADDED from AndroidManifest.xml:198:9
	android:name
		ADDED from AndroidManifest.xml:198:19
receiver#org.ohmage.app.ReminderReceiver
ADDED from AndroidManifest.xml:210:9
	android:name
		ADDED from AndroidManifest.xml:210:19
intent-filter#org.ohmage.reminders.TRIGGER_NOTIFICATION
ADDED from AndroidManifest.xml:211:13
action#org.ohmage.reminders.TRIGGER_NOTIFICATION
ADDED from AndroidManifest.xml:212:17
	android:name
		ADDED from AndroidManifest.xml:212:25
meta-data#com.google.android.gms.version
ADDED from AndroidManifest.xml:216:9
MERGED from org.ohmage:reminder-lib:1.1.2-SNAPSHOT:120:9
	android:name
		ADDED from AndroidManifest.xml:217:13
	android:value
		ADDED from AndroidManifest.xml:218:13
activity#org.ohmage.app.InstallSurveyDependencies
ADDED from AndroidManifest.xml:220:9
	android:label
		ADDED from AndroidManifest.xml:222:13
	android:name
		ADDED from AndroidManifest.xml:221:13
meta-data#io.fabric.ApiKey
ADDED from AndroidManifest.xml:227:9
	android:name
		ADDED from AndroidManifest.xml:228:13
	android:value
		ADDED from AndroidManifest.xml:229:13
uses-sdk
INJECTED from AndroidManifest.xml:0:0 reason: use-sdk injection requested
MERGED from com.android.support:appcompat-v7:19.1.0:18:5
MERGED from com.google.android.gms:play-services:4.4.52:17:5
MERGED from org.ohmage:android-stream-lib:2.0-SNAPSHOT:3:5
MERGED from org.ohmage:reminder-lib:1.1.2-SNAPSHOT:14:5
MERGED from org.ohmage:accelservice:3.0:9:5
MERGED from org.ohmage:wifigpslocation:3.15:2:5
MERGED from com.github.chrisbanes.actionbarpulltorefresh:extra-abc:0.9.9:2:5
MERGED from com.github.chrisbanes.actionbarpulltorefresh:library:0.9.9:2:5
MERGED from com.github.castorflex.smoothprogressbar:library:0.4.0:3:5
MERGED from com.crashlytics.sdk.android:crashlytics:2.5.0:7:5
MERGED from io.fabric.sdk.android:fabric:1.3.5:23:5
MERGED from com.crashlytics.sdk.android:crashlytics-core:2.3.3:7:5
MERGED from com.crashlytics.sdk.android:answers:1.3.0:7:5
MERGED from io.fabric.sdk.android:fabric:1.3.5:23:5
MERGED from com.crashlytics.sdk.android:beta:1.1.3:7:5
	android:targetSdkVersion
		INJECTED from AndroidManifest.xml:0:0
		INJECTED from AndroidManifest.xml:0:0
	android:minSdkVersion
		INJECTED from AndroidManifest.xml:0:0
		INJECTED from AndroidManifest.xml:0:0
uses-permission#android.permission.WAKE_LOCK
ADDED from org.ohmage:reminder-lib:1.1.2-SNAPSHOT:7:5
MERGED from org.ohmage:accelservice:3.0:7:5
MERGED from org.ohmage:wifigpslocation:3.15:7:5
	android:name
		ADDED from org.ohmage:reminder-lib:1.1.2-SNAPSHOT:7:22
uses-permission#android.permission.ACCESS_NETWORK_STATE
ADDED from org.ohmage:reminder-lib:1.1.2-SNAPSHOT:8:5
	android:name
		ADDED from org.ohmage:reminder-lib:1.1.2-SNAPSHOT:8:22
uses-permission#android.permission.ACCESS_FINE_LOCATION
ADDED from org.ohmage:reminder-lib:1.1.2-SNAPSHOT:9:5
MERGED from org.ohmage:wifigpslocation:3.15:5:5
	android:name
		ADDED from org.ohmage:reminder-lib:1.1.2-SNAPSHOT:9:22
uses-permission#com.google.android.providers.gsf.permission.READ_GSERVICES
ADDED from org.ohmage:reminder-lib:1.1.2-SNAPSHOT:12:5
	android:name
		ADDED from org.ohmage:reminder-lib:1.1.2-SNAPSHOT:12:22
activity#org.ohmage.reminders.ui.TriggerListActivity
ADDED from org.ohmage:reminder-lib:1.1.2-SNAPSHOT:29:9
	android:label
		ADDED from org.ohmage:reminder-lib:1.1.2-SNAPSHOT:31:13
	android:name
		ADDED from org.ohmage:reminder-lib:1.1.2-SNAPSHOT:30:13
intent-filter#org.ohmage.reminders.VIEW_REMINDERS
ADDED from org.ohmage:reminder-lib:1.1.2-SNAPSHOT:32:13
action#org.ohmage.reminders.VIEW_REMINDERS
ADDED from org.ohmage:reminder-lib:1.1.2-SNAPSHOT:33:17
	android:name
		ADDED from org.ohmage:reminder-lib:1.1.2-SNAPSHOT:33:25
activity#org.ohmage.reminders.types.time.TimeTrigEditActivity
ADDED from org.ohmage:reminder-lib:1.1.2-SNAPSHOT:38:9
	android:screenOrientation
		ADDED from org.ohmage:reminder-lib:1.1.2-SNAPSHOT:40:13
	android:name
		ADDED from org.ohmage:reminder-lib:1.1.2-SNAPSHOT:39:13
activity#org.ohmage.reminders.notif.NotifEditActivity
ADDED from org.ohmage:reminder-lib:1.1.2-SNAPSHOT:41:9
	android:name
		ADDED from org.ohmage:reminder-lib:1.1.2-SNAPSHOT:41:19
activity#org.ohmage.reminders.notif.NotifSettingsActivity
ADDED from org.ohmage:reminder-lib:1.1.2-SNAPSHOT:42:9
	android:name
		ADDED from org.ohmage:reminder-lib:1.1.2-SNAPSHOT:42:19
activity#org.ohmage.reminders.types.location.LocTrigEditActivity
ADDED from org.ohmage:reminder-lib:1.1.2-SNAPSHOT:45:9
	android:screenOrientation
		ADDED from org.ohmage:reminder-lib:1.1.2-SNAPSHOT:47:13
	android:name
		ADDED from org.ohmage:reminder-lib:1.1.2-SNAPSHOT:46:13
activity#org.ohmage.reminders.types.location.LocTrigSettingsActivity
ADDED from org.ohmage:reminder-lib:1.1.2-SNAPSHOT:48:9
	android:name
		ADDED from org.ohmage:reminder-lib:1.1.2-SNAPSHOT:48:19
activity#org.ohmage.reminders.types.location.LocTrigTracingSettActivity
ADDED from org.ohmage:reminder-lib:1.1.2-SNAPSHOT:49:9
	android:name
		ADDED from org.ohmage:reminder-lib:1.1.2-SNAPSHOT:49:19
activity#org.ohmage.reminders.types.location.LocTrigMapsActivity
ADDED from org.ohmage:reminder-lib:1.1.2-SNAPSHOT:50:9
	android:screenOrientation
		ADDED from org.ohmage:reminder-lib:1.1.2-SNAPSHOT:52:13
	android:name
		ADDED from org.ohmage:reminder-lib:1.1.2-SNAPSHOT:51:13
receiver#org.ohmage.reminders.base.TriggerTimeReceiver
ADDED from org.ohmage:reminder-lib:1.1.2-SNAPSHOT:54:9
	android:name
		ADDED from org.ohmage:reminder-lib:1.1.2-SNAPSHOT:54:19
intent-filter#android.intent.action.TIME_SET
ADDED from org.ohmage:reminder-lib:1.1.2-SNAPSHOT:55:13
action#android.intent.action.TIME_SET
ADDED from org.ohmage:reminder-lib:1.1.2-SNAPSHOT:56:17
	android:name
		ADDED from org.ohmage:reminder-lib:1.1.2-SNAPSHOT:56:25
intent-filter#android.intent.action.TIMEZONE_CHANGED
ADDED from org.ohmage:reminder-lib:1.1.2-SNAPSHOT:58:13
action#android.intent.action.TIMEZONE_CHANGED
ADDED from org.ohmage:reminder-lib:1.1.2-SNAPSHOT:59:17
	android:name
		ADDED from org.ohmage:reminder-lib:1.1.2-SNAPSHOT:59:25
service#org.ohmage.reminders.types.time.TimeTrigService
ADDED from org.ohmage:reminder-lib:1.1.2-SNAPSHOT:63:9
	android:name
		ADDED from org.ohmage:reminder-lib:1.1.2-SNAPSHOT:63:18
receiver#org.ohmage.reminders.types.time.TimeTrigService$AlarmReceiver
ADDED from org.ohmage:reminder-lib:1.1.2-SNAPSHOT:65:9
	android:name
		ADDED from org.ohmage:reminder-lib:1.1.2-SNAPSHOT:65:19
intent-filter#edu.ucla.cens.triggers.types.time.TimeTriggerAlarm
ADDED from org.ohmage:reminder-lib:1.1.2-SNAPSHOT:66:13
action#edu.ucla.cens.triggers.types.time.TimeTriggerAlarm
ADDED from org.ohmage:reminder-lib:1.1.2-SNAPSHOT:67:17
	android:name
		ADDED from org.ohmage:reminder-lib:1.1.2-SNAPSHOT:67:25
service#org.ohmage.reminders.types.location.LocTrigService
ADDED from org.ohmage:reminder-lib:1.1.2-SNAPSHOT:73:9
	android:name
		ADDED from org.ohmage:reminder-lib:1.1.2-SNAPSHOT:73:18
receiver#org.ohmage.reminders.types.location.LocTrigService$AlarmReceiver
ADDED from org.ohmage:reminder-lib:1.1.2-SNAPSHOT:75:9
	android:name
		ADDED from org.ohmage:reminder-lib:1.1.2-SNAPSHOT:75:19
intent-filter#org.ohmage.reminders.types.location.LocTrigService.TRIGGER_ALWAYS
ADDED from org.ohmage:reminder-lib:1.1.2-SNAPSHOT:76:13
action#org.ohmage.reminders.types.location.LocTrigService.TRIGGER_ALWAYS
ADDED from org.ohmage:reminder-lib:1.1.2-SNAPSHOT:77:17
	android:name
		ADDED from org.ohmage:reminder-lib:1.1.2-SNAPSHOT:77:25
intent-filter#org.ohmage.reminders.types.location.LocTrigService.KEEP_ALIVE
ADDED from org.ohmage:reminder-lib:1.1.2-SNAPSHOT:81:13
action#org.ohmage.reminders.types.location.LocTrigService.KEEP_ALIVE
ADDED from org.ohmage:reminder-lib:1.1.2-SNAPSHOT:82:17
	android:name
		ADDED from org.ohmage:reminder-lib:1.1.2-SNAPSHOT:82:25
intent-filter#org.ohmage.reminders.types.location.LocTrigService.GPS_TIMEOUT
ADDED from org.ohmage:reminder-lib:1.1.2-SNAPSHOT:84:13
action#org.ohmage.reminders.types.location.LocTrigService.GPS_TIMEOUT
ADDED from org.ohmage:reminder-lib:1.1.2-SNAPSHOT:85:17
	android:name
		ADDED from org.ohmage:reminder-lib:1.1.2-SNAPSHOT:85:25
intent-filter#org.ohmage.reminders.types.location.LocTrigService.GPS_SAMPLE
ADDED from org.ohmage:reminder-lib:1.1.2-SNAPSHOT:87:13
action#org.ohmage.reminders.types.location.LocTrigService.GPS_SAMPLE
ADDED from org.ohmage:reminder-lib:1.1.2-SNAPSHOT:88:17
	android:name
		ADDED from org.ohmage:reminder-lib:1.1.2-SNAPSHOT:88:25
intent-filter#org.ohmage.reminders.types.location.LocTrigService.PASS_THROUGH
ADDED from org.ohmage:reminder-lib:1.1.2-SNAPSHOT:90:13
action#org.ohmage.reminders.types.location.LocTrigService.PASS_THROUGH
ADDED from org.ohmage:reminder-lib:1.1.2-SNAPSHOT:91:17
	android:name
		ADDED from org.ohmage:reminder-lib:1.1.2-SNAPSHOT:91:25
receiver#org.ohmage.reminders.notif.Notifier$NotifReceiver
ADDED from org.ohmage:reminder-lib:1.1.2-SNAPSHOT:94:9
	android:name
		ADDED from org.ohmage:reminder-lib:1.1.2-SNAPSHOT:94:19
intent-filter#edu.ucla.cens.triggers.notif.Notifier.expire_notif
ADDED from org.ohmage:reminder-lib:1.1.2-SNAPSHOT:95:13
action#edu.ucla.cens.triggers.notif.Notifier.expire_notif
ADDED from org.ohmage:reminder-lib:1.1.2-SNAPSHOT:96:17
	android:name
		ADDED from org.ohmage:reminder-lib:1.1.2-SNAPSHOT:96:25
intent-filter#edu.ucla.cens.triggers.notif.Notifier.repeat_notif
ADDED from org.ohmage:reminder-lib:1.1.2-SNAPSHOT:100:13
action#edu.ucla.cens.triggers.notif.Notifier.repeat_notif
ADDED from org.ohmage:reminder-lib:1.1.2-SNAPSHOT:101:17
	android:name
		ADDED from org.ohmage:reminder-lib:1.1.2-SNAPSHOT:101:25
intent-filter#edu.ucla.cens.triggers.notif.Notifier.notification_deleted
ADDED from org.ohmage:reminder-lib:1.1.2-SNAPSHOT:105:13
action#edu.ucla.cens.triggers.notif.Notifier.notification_deleted
ADDED from org.ohmage:reminder-lib:1.1.2-SNAPSHOT:106:17
	android:name
		ADDED from org.ohmage:reminder-lib:1.1.2-SNAPSHOT:106:25
intent-filter#edu.ucla.cens.triggers.notif.Notifier.notification_clicked
ADDED from org.ohmage:reminder-lib:1.1.2-SNAPSHOT:110:13
action#edu.ucla.cens.triggers.notif.Notifier.notification_clicked
ADDED from org.ohmage:reminder-lib:1.1.2-SNAPSHOT:111:17
	android:name
		ADDED from org.ohmage:reminder-lib:1.1.2-SNAPSHOT:111:25
meta-data#com.google.android.maps.v2.API_KEY
ADDED from org.ohmage:reminder-lib:1.1.2-SNAPSHOT:117:9
	android:name
		ADDED from org.ohmage:reminder-lib:1.1.2-SNAPSHOT:118:13
	android:value
		ADDED from org.ohmage:reminder-lib:1.1.2-SNAPSHOT:119:13
service#org.ohmage.accelservice.AccelService
ADDED from org.ohmage:accelservice:3.0:17:9
	android:label
		ADDED from org.ohmage:accelservice:3.0:20:13
	android:exported
		ADDED from org.ohmage:accelservice:3.0:19:13
	android:name
		ADDED from org.ohmage:accelservice:3.0:18:13
intent-filter#org.ohmage.accelservice.IAccelService
ADDED from org.ohmage:accelservice:3.0:21:13
action#org.ohmage.accelservice.IAccelService
ADDED from org.ohmage:accelservice:3.0:22:17
	android:name
		ADDED from org.ohmage:accelservice:3.0:22:25
uses-permission#android.permission.ACCESS_WIFI_STATE
ADDED from org.ohmage:wifigpslocation:3.15:4:5
	android:name
		ADDED from org.ohmage:wifigpslocation:3.15:4:22
uses-permission#android.permission.CHANGE_WIFI_STATE
ADDED from org.ohmage:wifigpslocation:3.15:6:5
	android:name
		ADDED from org.ohmage:wifigpslocation:3.15:6:22
service#org.ohmage.wifigpslocation.WiFiGPSLocationService
ADDED from org.ohmage:wifigpslocation:3.15:11:9
	android:label
		ADDED from org.ohmage:wifigpslocation:3.15:11:42
	android:exported
		ADDED from org.ohmage:wifigpslocation:3.15:11:18
	android:name
		ADDED from org.ohmage:wifigpslocation:3.15:11:82
intent-filter#org.ohmage.wifigpslocation.IWiFiGPSLocationService
ADDED from org.ohmage:wifigpslocation:3.15:12:13
action#org.ohmage.wifigpslocation.IWiFiGPSLocationService
ADDED from org.ohmage:wifigpslocation:3.15:13:17
	android:name
		ADDED from org.ohmage:wifigpslocation:3.15:13:25